<?xml version="1.0" encoding="UTF-8"?>
<!-- Generated by org.testng.reporters.JUnitReportReporter -->
<testsuite hostname="LAPTOP-U8CK1SHD" failures="0" tests="2" name="SSquareIT.SeleniumFrameworkbySSquareIT.E2ETest2" time="25.988" errors="0" timestamp="2024-07-05T12:12:38 IST" skipped="0">
  <testcase classname="SSquareIT.SeleniumFrameworkbySSquareIT.E2ETest2" name="endToEndTest" time="14.612"/>
  <testcase classname="SSquareIT.SeleniumFrameworkbySSquareIT.E2ETest2" name="endToEndTest" time="11.376"/>
</testsuite> <!-- SSquareIT.SeleniumFrameworkbySSquareIT.E2ETest2 -->
