<?xml version="1.0" encoding="UTF-8"?>
<!-- Generated by org.testng.reporters.JUnitReportReporter -->
<testsuite hostname="LAPTOP-U8CK1SHD" failures="0" tests="2" name="seleniumFramework.E2ETest2" time="21.145" errors="0" timestamp="2024-07-16T19:43:42 IST" skipped="0">
  <testcase classname="seleniumFramework.E2ETest2" name="endToEndTest" time="8.572"/>
  <testcase classname="seleniumFramework.E2ETest2" name="endToEndTest" time="12.573"/>
</testsuite> <!-- seleniumFramework.E2ETest2 -->
