<?xml version="1.0" encoding="UTF-8"?>
<!-- Generated by org.testng.reporters.JUnitReportReporter -->
<testsuite hostname="LAPTOP-U8CK1SHD" failures="0" tests="1" name="cucumber.TestNGTestRunner" time="11.926" errors="0" timestamp="2024-07-10T21:46:51 IST" skipped="0">
  <testcase classname="cucumber.TestNGTestRunner" name="runScenario" time="11.926"/>
</testsuite> <!-- cucumber.TestNGTestRunner -->
