<?xml version="1.0" encoding="UTF-8"?>
<!-- Generated by org.testng.reporters.JUnitReportReporter -->
<testsuite hostname="LAPTOP-U8CK1SHD" failures="0" tests="2" name="SSquareIT.SeleniumFrameworkbySSquareIT.E2ETest2" time="23.259" errors="0" timestamp="2024-07-16T18:42:26 IST" skipped="0">
  <testcase classname="SSquareIT.SeleniumFrameworkbySSquareIT.E2ETest2" name="endToEndTest" time="9.614"/>
  <testcase classname="SSquareIT.SeleniumFrameworkbySSquareIT.E2ETest2" name="endToEndTest" time="13.645"/>
</testsuite> <!-- SSquareIT.SeleniumFrameworkbySSquareIT.E2ETest2 -->
