<?xml version="1.0" encoding="UTF-8"?>
<!-- Generated by org.testng.reporters.JUnitReportReporter -->
<testsuite hostname="LAPTOP-U8CK1SHD" failures="0" tests="1" name="SSquareIT.SeleniumFrameworkbySSquareIT.E2ETest" time="11.652" errors="0" timestamp="2024-07-10T21:46:12 IST" skipped="0">
  <testcase classname="SSquareIT.SeleniumFrameworkbySSquareIT.E2ETest" name="endToEndTest" time="11.652"/>
</testsuite> <!-- SSquareIT.SeleniumFrameworkbySSquareIT.E2ETest -->
