<?xml version="1.0" encoding="UTF-8"?>
<!-- Generated by org.testng.reporters.JUnitReportReporter -->
<testsuite hostname="LAPTOP-U8CK1SHD" failures="0" tests="2" name="SSquareIT.SeleniumFrameworkbySSquareIT.E2ETest2" time="23.701" errors="0" timestamp="2024-07-10T20:04:51 IST" skipped="0">
  <testcase classname="SSquareIT.SeleniumFrameworkbySSquareIT.E2ETest2" name="endToEndTest" time="13.212"/>
  <testcase classname="SSquareIT.SeleniumFrameworkbySSquareIT.E2ETest2" name="endToEndTest" time="10.489"/>
</testsuite> <!-- SSquareIT.SeleniumFrameworkbySSquareIT.E2ETest2 -->
